INFO: [VRFC 10-2263] Analyzing Verilog file "/home/kuro/Principles_of_Computer_Organization/lab/lab4/project_1/project_1.gen/sources_1/ip/DATA_MEM/sim/DATA_MEM.v" into library xil_defaultlib
INFO: [VRFC 10-311] analyzing module DATA_MEM
INFO: [VRFC 10-2263] Analyzing Verilog file "/home/kuro/Principles_of_Computer_Organization/lab/lab4/project_1/project_1.gen/sources_1/ip/INST_MEM/sim/INST_MEM.v" into library xil_defaultlib
INFO: [VRFC 10-311] analyzing module INST_MEM
INFO: [VRFC 10-2263] Analyzing Verilog file "/home/kuro/Principles_of_Computer_Organization/lab/lab4/_/vsrc/CPU/CPU.v" into library xil_defaultlib
INFO: [VRFC 10-311] analyzing module CPU
INFO: [VRFC 10-2263] Analyzing Verilog file "/home/kuro/Principles_of_Computer_Organization/lab/lab4/_/vsrc/CPU/alu.v" into library xil_defaultlib
INFO: [VRFC 10-311] analyzing module ALU
INFO: [VRFC 10-2263] Analyzing Verilog file "/home/kuro/Principles_of_Computer_Organization/lab/lab4/_/vsrc/CPU/branch.v" into library xil_defaultlib
INFO: [VRFC 10-311] analyzing module BRANCH
INFO: [VRFC 10-2263] Analyzing Verilog file "/home/kuro/Principles_of_Computer_Organization/lab/lab4/_/vsrc/CPU/decoder.v" into library xil_defaultlib
INFO: [VRFC 10-311] analyzing module DECODER
INFO: [VRFC 10-2263] Analyzing Verilog file "/home/kuro/Principles_of_Computer_Organization/lab/lab4/_/vsrc/CPU/mux1.v" into library xil_defaultlib
INFO: [VRFC 10-311] analyzing module MUX1
INFO: [VRFC 10-2263] Analyzing Verilog file "/home/kuro/Principles_of_Computer_Organization/lab/lab4/_/vsrc/CPU/mux2.v" into library xil_defaultlib
INFO: [VRFC 10-311] analyzing module MUX2
INFO: [VRFC 10-2263] Analyzing Verilog file "/home/kuro/Principles_of_Computer_Organization/lab/lab4/_/vsrc/CPU/npc.v" into library xil_defaultlib
INFO: [VRFC 10-311] analyzing module NPC
INFO: [VRFC 10-2263] Analyzing Verilog file "/home/kuro/Principles_of_Computer_Organization/lab/lab4/_/vsrc/CPU/pc.v" into library xil_defaultlib
INFO: [VRFC 10-311] analyzing module PC
INFO: [VRFC 10-2263] Analyzing Verilog file "/home/kuro/Principles_of_Computer_Organization/lab/lab4/_/vsrc/CPU/pc_plus4.v" into library xil_defaultlib
INFO: [VRFC 10-311] analyzing module PC_PLUS4
INFO: [VRFC 10-2263] Analyzing Verilog file "/home/kuro/Principles_of_Computer_Organization/lab/lab4/_/vsrc/CPU/reg.v" into library xil_defaultlib
INFO: [VRFC 10-311] analyzing module REG_FILE
INFO: [VRFC 10-2263] Analyzing Verilog file "/home/kuro/Principles_of_Computer_Organization/lab/lab4/_/vsrc/CPU/slu.v" into library xil_defaultlib
INFO: [VRFC 10-311] analyzing module SLU
INFO: [VRFC 10-2263] Analyzing Verilog file "/home/kuro/Principles_of_Computer_Organization/lab/lab4/tb.v" into library xil_defaultlib
INFO: [VRFC 10-311] analyzing module TB
